<?xml version="1.0" encoding="UTF-8"?>
<testsuite name="com.deliveroo.cronexpressionparser.validator.CronValidatorTest" tests="3" skipped="0" failures="0" errors="0" timestamp="2024-11-10T09:09:21" hostname="tests-MacBook-Pro.local" time="0.004">
  <properties/>
  <testcase name="testConvertToAllNumbers" classname="com.deliveroo.cronexpressionparser.validator.CronValidatorTest" time="0.001"/>
  <testcase name="validateRegex" classname="com.deliveroo.cronexpressionparser.validator.CronValidatorTest" time="0.0"/>
  <testcase name="testIsInValidField" classname="com.deliveroo.cronexpressionparser.validator.CronValidatorTest" time="0.002"/>
  <system-out><![CDATA[]]></system-out>
  <system-err><![CDATA[]]></system-err>
</testsuite>
